<?xml version="1.0" encoding="UTF-8"?>
<!-- Generated by org.testng.reporters.JUnitReportReporter -->
<testsuite hostname="DESKTOP-N5CVH87" failures="0" tests="2" name="test_Pkg.Facebook_test" time="15.493" errors="0" timestamp="2023-07-23T17:13:44 IST" skipped="0">
  <testcase classname="test_Pkg.Facebook_test" name="facebookLoginTest" time="15.491"/>
  <system-out/>
  <testcase classname="test_Pkg.Facebook_test" name="simpleTest" time="0.002"/>
  <system-out/>
</testsuite> <!-- test_Pkg.Facebook_test -->
