<?xml version="1.0" encoding="UTF-8"?>
<!-- Generated by org.testng.reporters.JUnitReportReporter -->
<testsuite hostname="DESKTOP-N5CVH87" failures="0" tests="3" name="searchFuction_Test.SearchFunction_Test" time="34.719" errors="0" timestamp="2023-07-08T19:50:27 IST" skipped="0">
  <testcase classname="searchFuction_Test.SearchFunction_Test" name="searchFunction" time="5.748"/>
  <system-out/>
  <testcase classname="searchFuction_Test.SearchFunction_Test" name="searchFunction" time="16.078"/>
  <system-out/>
  <testcase classname="searchFuction_Test.SearchFunction_Test" name="searchFunction" time="12.893"/>
  <system-out/>
</testsuite> <!-- searchFuction_Test.SearchFunction_Test -->
